PLINK v1.90b6.10 64-bit (17 Jun 2019)
Options in effect:
  --allow-no-sex
  --bfile /Users/alexey/Documents/wecare/ampliseq/v04_ampliseq_nfe/s12_joined_PCA/s05_calculate_joined_1kgp_ampliseq_nfe_PCs/data/s02_exclude_rare_variants/ampliseq_nfe_1kgp_non_rare_394_3216
  --indep-pairphase 50 5 0.5
  --out /Users/alexey/Documents/wecare/ampliseq/v04_ampliseq_nfe/s12_joined_PCA/s05_calculate_joined_1kgp_ampliseq_nfe_PCs/data/s03_exclude_variants_in_LD/pairphase_LD
  --silent

Hostname: mgpc101.medschl.private.cam.ac.uk
Working directory: /Users/alexey/Documents/wecare/ampliseq/v04_ampliseq_nfe/s12_joined_PCA/s05_calculate_joined_1kgp_ampliseq_nfe_PCs
Start time: Mon Sep 16 17:33:05 2019

Random number seed: 1568651585
8192 MB RAM detected; reserving 4096 MB for main workspace.
394 variants loaded from .bim file.
3216 people (0 males, 0 females, 3216 ambiguous) loaded from .fam.
Ambiguous sex IDs written to
/Users/alexey/Documents/wecare/ampliseq/v04_ampliseq_nfe/s12_joined_PCA/s05_calculate_joined_1kgp_ampliseq_nfe_PCs/data/s03_exclude_variants_in_LD/pairphase_LD.nosex
.
Using 1 thread (no multithreaded calculations invoked).
Before main variant filters, 3216 founders and 0 nonfounders present.
Calculating allele frequencies... done.
Total genotyping rate is 0.997658.
394 variants and 3216 people pass filters and QC.
Note: No phenotypes present.
Pruned 7 variants from chromosome 1, leaving 28.
Pruned 1 variant from chromosome 2, leaving 21.
Pruned 10 variants from chromosome 3, leaving 18.
Pruned 11 variants from chromosome 4, leaving 23.
Pruned 0 variants from chromosome 5, leaving 3.
Pruned 3 variants from chromosome 6, leaving 14.
Pruned 0 variants from chromosome 7, leaving 5.
Pruned 0 variants from chromosome 8, leaving 8.
Pruned 5 variants from chromosome 9, leaving 18.
Pruned 3 variants from chromosome 10, leaving 17.
Pruned 0 variants from chromosome 11, leaving 12.
Pruned 3 variants from chromosome 12, leaving 15.
Pruned 12 variants from chromosome 13, leaving 29.
Pruned 0 variants from chromosome 14, leaving 3.
Pruned 5 variants from chromosome 15, leaving 9.
Pruned 15 variants from chromosome 16, leaving 27.
Pruned 16 variants from chromosome 17, leaving 25.
Pruned 8 variants from chromosome 18, leaving 5.
Pruned 0 variants from chromosome 19, leaving 5.
Pruned 2 variants from chromosome 22, leaving 8.
Pruning complete.  101 of 394 variants removed.
Marker lists written to
/Users/alexey/Documents/wecare/ampliseq/v04_ampliseq_nfe/s12_joined_PCA/s05_calculate_joined_1kgp_ampliseq_nfe_PCs/data/s03_exclude_variants_in_LD/pairphase_LD.prune.in
and
/Users/alexey/Documents/wecare/ampliseq/v04_ampliseq_nfe/s12_joined_PCA/s05_calculate_joined_1kgp_ampliseq_nfe_PCs/data/s03_exclude_variants_in_LD/pairphase_LD.prune.out
.

End time: Mon Sep 16 17:33:05 2019
