Select overlap between 1,838 ampliseq sites and ~84M 1kgp sites for joined PCA
Mon 16 Sep 2019 13:34:41 BST

--- Files and folders ---

source_1838_vcf: /Users/alexey/Documents/wecare/ampliseq/v04_ampliseq_nfe/s12_joined_PCA/s01_prepare_data_for_joined_PCA/data/s03_1838_sites.vcf.gz
source_1kgp_vcf: /Users/alexey/Documents/resources/1kgp/ALL.wgs.phase3_shapeit2_mvncall_integrated_v5a.20130502.sites.fixed.filt.biallelic.vcf.gz
target_vcf: /Users/alexey/Documents/wecare/ampliseq/v04_ampliseq_nfe/s12_joined_PCA/s02_prepare_1kgp_genotypes/data/s01_1kgp_1838_intersect_sites.vcf.gz

--- Tools ---

bcftools 1.9
Using htslib 1.9
Copyright (C) 2018 Genome Research Ltd.
License GPLv3+: GNU GPL version 3 or later <http://gnu.org/licenses/gpl.html>
This is free software: you are free to change and redistribute it.
There is NO WARRANTY, to the extent permitted by law.

--- Progress ---

Number of variants in source_1838_vcf:
1,838

Number of variants in source_1kgp_vcf:
84,354,814

Looking for the intesect ...

Number of variants in the intesect:
1,135

Done
Mon 16 Sep 2019 13:41:03 BST

