Select 1,838 variants from ampliseq-nfe VCF for PCA plots
Tue 17 Sep 2019 13:44:09 BST

--- Files and folders ---

source_ampliseq_nfe_13046_739_vcf: /Users/alexey/Documents/wecare/ampliseq/v04_ampliseq_nfe/s04_annotated_vcf/ampliseq_nfe.vcf.gz
selected_1838_sites_vcf: /Users/alexey/Documents/wecare/ampliseq/v04_ampliseq_nfe/s12_joined_ampliseq-nfe_1kgp_PCA/s01_prepare_data_for_joined_PCA/data/s03_1838_sites.vcf.gz
selected_ampliseq_nfe_1838_739_vcf: /Users/alexey/Documents/wecare/ampliseq/v04_ampliseq_nfe/s13_ampliseq-nfe_only_PCA/s01_prepare_wecare_nfe_genotypes/data/s01_ampliseq_nfe_1838_739.vcf.gz

--- Tools ---

bcftools 1.9
Using htslib 1.9
Copyright (C) 2018 Genome Research Ltd.
License GPLv3+: GNU GPL version 3 or later <http://gnu.org/licenses/gpl.html>
This is free software: you are free to change and redistribute it.
There is NO WARRANTY, to the extent permitted by law.

--- Progress ---

Number of variants in the input ampliseq-nfe vcf:
13,046

Number of samples in the input ampliseq-nfe vcf:
739

Selecting variants ...

Number of variants in the output:
1,838

Number of samples in the output:
739

Done
Tue 17 Sep 2019 13:44:19 BST

