Job id: 14991128
Job name: s01_select_variants
Allocated node: cpu-e-77
Time: Thu Aug 29 12:02:11 BST 2019

Initial working folder:
/rds/project/erf33/rds-erf33-medgen/users/alexey/wecare/wecare_ampliseq/analysis4/ampliseq_nfe/scripts_and_logs/s21_calculate_ampliseq_NFE_PCs

------------------ Output ------------------

Select 1,850 variants for PCA plots
Thu Aug 29 12:02:11 BST 2019

--- Files and folders ---

scripts_folder: /rds/project/erf33/rds-erf33-medgen/users/alexey/wecare/wecare_ampliseq/analysis4/ampliseq_nfe/scripts_and_logs/s21_calculate_ampliseq_NFE_PCs

source_ampliseq_nfe_vcf_gz: /rds/project/erf33/rds-erf33-medgen/users/alexey/wecare/wecare_ampliseq/analysis4/ampliseq_nfe/data_and_results/s16_prepare_wecare_genotypes_for_PCA/ampliseq_nfe.vcf.gz
selected_1850_sites_vcf_gz: /rds/project/erf33/rds-erf33-medgen/users/alexey/wecare/wecare_ampliseq/analysis4/ampliseq_nfe/data_and_results/s15_prepare_1kg_genotypes_for_PCA/s03_1850_sites.vcf.gz
ampliseq_nfe_1850_vcf_gz: /rds/project/erf33/rds-erf33-medgen/users/alexey/wecare/wecare_ampliseq/analysis4/ampliseq_nfe/data_and_results/s21_calculate_ampliseq_NFE_PCs/s01_ampliseq_nfe_1850.vcf.gz

--- Tools ---

bcftools: /rds/project/erf33/rds-erf33-medgen/tools/bcftools/bcftools-1.8/bin/bcftools

Number of variants in the input vcf:
13,046

Number of samples in the input vcf:
739

Selecting variants ...

Number of variants in the output vcf:
1,850

Number of samples in the output vcf:
739

Done
Thu Aug 29 12:02:20 BST 2019

