Job id: 14994028
Job name: s02_select_samples
Allocated node: cpu-e-71
Time: Thu Aug 29 12:55:49 BST 2019

Initial working folder:
/rds/project/erf33/rds-erf33-medgen/users/alexey/wecare/wecare_ampliseq/analysis4/ampliseq_nfe/scripts_and_logs/s21_calculate_ampliseq_NFE_PCs

------------------ Output ------------------

Select 715 ampliseq-nfe samples for ampliseq-NFE PCA plots
Thu Aug 29 12:55:49 BST 2019

--- Files and folders ---

scripts_folder: /rds/project/erf33/rds-erf33-medgen/users/alexey/wecare/wecare_ampliseq/analysis4/ampliseq_nfe/scripts_and_logs/s21_calculate_ampliseq_NFE_PCs

ampliseq_nfe_1850_vcf_gz: /rds/project/erf33/rds-erf33-medgen/users/alexey/wecare/wecare_ampliseq/analysis4/ampliseq_nfe/data_and_results/s21_calculate_ampliseq_NFE_PCs/s01_ampliseq_nfe_1850.vcf.gz
samples_file: /rds/project/erf33/rds-erf33-medgen/users/alexey/wecare/wecare_ampliseq/analysis4/ampliseq_nfe/data_and_results/s16_prepare_wecare_genotypes_for_PCA/s01_ampliseq_nfe_715_samples.txt
ampliseq_nfe_1850_715_vcf_gz: /rds/project/erf33/rds-erf33-medgen/users/alexey/wecare/wecare_ampliseq/analysis4/ampliseq_nfe/data_and_results/s21_calculate_ampliseq_NFE_PCs/s02_ampliseq_nfe_1850_715.vcf.gz

--- Tools ---

bcftools: /rds/project/erf33/rds-erf33-medgen/tools/bcftools/bcftools-1.8/bin/bcftools

--- Progress ---

Number of variants in the input vcf:
1,850

Number of samples in the input vcf:
739

Selecting samples ...


Number of variants in the output vcf:
1,850

Number of samples in the output vcf:
715

Done
Thu Aug 29 12:55:52 BST 2019

