PLINK v1.90b6.10 64-bit (17 Jun 2019)
Options in effect:
  --allow-no-sex
  --double-id
  --make-bed
  --out /Users/alexey/Documents/wecare/ampliseq/v04_ampliseq_nfe/s12_joined_PCA/s05_calculate_joined_1kgp_ampliseq_nfe_PCs/data/s01_vcf_to_plink/ampliseq_1kg_1101_3216
  --silent
  --vcf /Users/alexey/Documents/wecare/ampliseq/v04_ampliseq_nfe/s12_joined_PCA/s04_merge_1kgp_and_wecare_nfe_genotypes/data/s01_joined_1kgp_ampliseq_nfe_biallelic_snps_1101_3216.vcf.gz
  --vcf-half-call missing

Hostname: mgpc101.medschl.private.cam.ac.uk
Working directory: /Users/alexey/Documents/wecare/ampliseq/v04_ampliseq_nfe/s12_joined_PCA/s05_calculate_joined_1kgp_ampliseq_nfe_PCs
Start time: Mon Sep 16 17:33:05 2019

Random number seed: 1568651585
8192 MB RAM detected; reserving 4096 MB for main workspace.
--vcf:
/Users/alexey/Documents/wecare/ampliseq/v04_ampliseq_nfe/s12_joined_PCA/s05_calculate_joined_1kgp_ampliseq_nfe_PCs/data/s01_vcf_to_plink/ampliseq_1kg_1101_3216-temporary.bed
+
/Users/alexey/Documents/wecare/ampliseq/v04_ampliseq_nfe/s12_joined_PCA/s05_calculate_joined_1kgp_ampliseq_nfe_PCs/data/s01_vcf_to_plink/ampliseq_1kg_1101_3216-temporary.bim
+
/Users/alexey/Documents/wecare/ampliseq/v04_ampliseq_nfe/s12_joined_PCA/s05_calculate_joined_1kgp_ampliseq_nfe_PCs/data/s01_vcf_to_plink/ampliseq_1kg_1101_3216-temporary.fam
written.
1101 variants loaded from .bim file.
3216 people (0 males, 0 females, 3216 ambiguous) loaded from .fam.
Ambiguous sex IDs written to
/Users/alexey/Documents/wecare/ampliseq/v04_ampliseq_nfe/s12_joined_PCA/s05_calculate_joined_1kgp_ampliseq_nfe_PCs/data/s01_vcf_to_plink/ampliseq_1kg_1101_3216.nosex
.
Using 1 thread (no multithreaded calculations invoked).
Before main variant filters, 3216 founders and 0 nonfounders present.
Calculating allele frequencies... done.
Total genotyping rate is 0.997505.
1101 variants and 3216 people pass filters and QC.
Note: No phenotypes present.
--make-bed to
/Users/alexey/Documents/wecare/ampliseq/v04_ampliseq_nfe/s12_joined_PCA/s05_calculate_joined_1kgp_ampliseq_nfe_PCs/data/s01_vcf_to_plink/ampliseq_1kg_1101_3216.bed
+
/Users/alexey/Documents/wecare/ampliseq/v04_ampliseq_nfe/s12_joined_PCA/s05_calculate_joined_1kgp_ampliseq_nfe_PCs/data/s01_vcf_to_plink/ampliseq_1kg_1101_3216.bim
+
/Users/alexey/Documents/wecare/ampliseq/v04_ampliseq_nfe/s12_joined_PCA/s05_calculate_joined_1kgp_ampliseq_nfe_PCs/data/s01_vcf_to_plink/ampliseq_1kg_1101_3216.fam
... done.

End time: Mon Sep 16 17:33:05 2019
