PLINK v1.90b6.10 64-bit (17 Jun 2019)
Options in effect:
  --allow-no-sex
  --bfile /Users/alexey/Documents/wecare/ampliseq/v04_ampliseq_nfe/s13_ampliseq-nfe_only_PCA/s02_calculate_ampliseq_nfe_only_PCs/data/s03_exclude_variants_in_LD/ampliseq_nfe_1kgp_non_rare_not_in_LD_215_712
  --out /Users/alexey/Documents/wecare/ampliseq/v04_ampliseq_nfe/s13_ampliseq-nfe_only_PCA/s02_calculate_ampliseq_nfe_only_PCs/data/s04_pca/ampliseq_nfe_215_712_100PCs
  --pca 100 header tabs
  --silent

Hostname: mgpc101.medschl.private.cam.ac.uk
Working directory: /Users/alexey/Documents/wecare/ampliseq/v04_ampliseq_nfe/s13_ampliseq-nfe_only_PCA/s02_calculate_ampliseq_nfe_only_PCs
Start time: Tue Sep 17 14:34:34 2019

Random number seed: 1568727274
8192 MB RAM detected; reserving 4096 MB for main workspace.
215 variants loaded from .bim file.
712 people (0 males, 0 females, 712 ambiguous) loaded from .fam.
Ambiguous sex IDs written to
/Users/alexey/Documents/wecare/ampliseq/v04_ampliseq_nfe/s13_ampliseq-nfe_only_PCA/s02_calculate_ampliseq_nfe_only_PCs/data/s04_pca/ampliseq_nfe_215_712_100PCs.nosex
.
Using up to 4 threads (change this with --threads).
Before main variant filters, 712 founders and 0 nonfounders present.
Calculating allele frequencies... done.
Total genotyping rate is 0.989724.
215 variants and 712 people pass filters and QC.
Note: No phenotypes present.
Relationship matrix calculation complete.
--pca: Results saved to
/Users/alexey/Documents/wecare/ampliseq/v04_ampliseq_nfe/s13_ampliseq-nfe_only_PCA/s02_calculate_ampliseq_nfe_only_PCs/data/s04_pca/ampliseq_nfe_215_712_100PCs.eigenval
and
/Users/alexey/Documents/wecare/ampliseq/v04_ampliseq_nfe/s13_ampliseq-nfe_only_PCA/s02_calculate_ampliseq_nfe_only_PCs/data/s04_pca/ampliseq_nfe_215_712_100PCs.eigenvec
.

End time: Tue Sep 17 14:34:34 2019
