Select 1kgp genotypes for 1,135 sites for joined PCA plot
Mon 16 Sep 2019 13:51:40 BST

--- Files and folders ---

source_1135_vcf: /Users/alexey/Documents/wecare/ampliseq/v04_ampliseq_nfe/s12_joined_PCA/s02_prepare_1kgp_genotypes/data/s01_1kgp_1838_intersect_sites.vcf.gz
source_1kgp_folder: /Users/alexey/Documents/resources/1kgp
target_folder: /Users/alexey/Documents/wecare/ampliseq/v04_ampliseq_nfe/s12_joined_PCA/s02_prepare_1kgp_genotypes/data/by_chromosome

--- Tools ---

bcftools 1.9
Using htslib 1.9
Copyright (C) 2018 Genome Research Ltd.
License GPLv3+: GNU GPL version 3 or later <http://gnu.org/licenses/gpl.html>
This is free software: you are free to change and redistribute it.
There is NO WARRANTY, to the extent permitted by law.

--- Progress ---

List of chromosomes:
chr1 chr2 chr3 chr4 chr5 chr6 chr7 chr8 chr9 chr10 chr11 chr12 chr13 chr14 chr15 chr16 chr17 chr18 chr19 chr20 chr21 chr22

Looking for the genotypes ...
Index and count ...
chr1	     101
chr2	      55
chr3	      83
chr4	      76
chr5	      14
chr6	      37
chr7	      14
chr8	      18
chr9	      58
chr10	      64
chr11	      59
chr12	      46
chr13	     137
chr14	      18
chr15	      29
chr16	     126
chr17	     122
chr18	      26
chr19	      18
chr20	       0
chr21	       2
chr22	      27

Done all autosomes

The total count of selected variants:
1,130

Mon 16 Sep 2019 15:36:09 BST

