PLINK v1.90b6.10 64-bit (17 Jun 2019)
Options in effect:
  --allow-no-sex
  --bfile /Users/alexey/Documents/wecare/ampliseq/v04_ampliseq_nfe/s12_joined_PCA/s05_calculate_joined_1kgp_ampliseq_nfe_PCs/data/s01_vcf_to_plink/ampliseq_1kg_1101_3216
  --maf 0.01
  --make-bed
  --out /Users/alexey/Documents/wecare/ampliseq/v04_ampliseq_nfe/s12_joined_PCA/s05_calculate_joined_1kgp_ampliseq_nfe_PCs/data/s02_exclude_rare_variants/ampliseq_nfe_1kgp_non_rare_394_3216
  --silent

Hostname: mgpc101.medschl.private.cam.ac.uk
Working directory: /Users/alexey/Documents/wecare/ampliseq/v04_ampliseq_nfe/s12_joined_PCA/s05_calculate_joined_1kgp_ampliseq_nfe_PCs
Start time: Mon Sep 16 17:33:05 2019

Random number seed: 1568651585
8192 MB RAM detected; reserving 4096 MB for main workspace.
1101 variants loaded from .bim file.
3216 people (0 males, 0 females, 3216 ambiguous) loaded from .fam.
Ambiguous sex IDs written to
/Users/alexey/Documents/wecare/ampliseq/v04_ampliseq_nfe/s12_joined_PCA/s05_calculate_joined_1kgp_ampliseq_nfe_PCs/data/s02_exclude_rare_variants/ampliseq_nfe_1kgp_non_rare_394_3216.nosex
.
Using 1 thread (no multithreaded calculations invoked).
Before main variant filters, 3216 founders and 0 nonfounders present.
Calculating allele frequencies... done.
Total genotyping rate is 0.997505.
707 variants removed due to minor allele threshold(s)
(--maf/--max-maf/--mac/--max-mac).
394 variants and 3216 people pass filters and QC.
Note: No phenotypes present.
--make-bed to
/Users/alexey/Documents/wecare/ampliseq/v04_ampliseq_nfe/s12_joined_PCA/s05_calculate_joined_1kgp_ampliseq_nfe_PCs/data/s02_exclude_rare_variants/ampliseq_nfe_1kgp_non_rare_394_3216.bed
+
/Users/alexey/Documents/wecare/ampliseq/v04_ampliseq_nfe/s12_joined_PCA/s05_calculate_joined_1kgp_ampliseq_nfe_PCs/data/s02_exclude_rare_variants/ampliseq_nfe_1kgp_non_rare_394_3216.bim
+
/Users/alexey/Documents/wecare/ampliseq/v04_ampliseq_nfe/s12_joined_PCA/s05_calculate_joined_1kgp_ampliseq_nfe_PCs/data/s02_exclude_rare_variants/ampliseq_nfe_1kgp_non_rare_394_3216.fam
... done.

End time: Mon Sep 16 17:33:05 2019
